<?xml version="1.0" encoding="UTF-8"?>
<testng-results ignored="0" total="5" passed="4" failed="1" skipped="0">
  <reporter-output>
  </reporter-output>
  <suite started-at="2021-06-21T11:39:20 EET" name="Suite" finished-at="2021-06-21T11:39:52 EET" duration-ms="31821">
    <groups>
      <group name="userPrompt">
        <method signature="ResultsCount.resultsCount(java.lang.String,java.lang.String,java.lang.String,java.lang.String,java.lang.String,java.lang.String,java.lang.String)[pri:0, instance:Selenium.AutomationChallenge.ResultsCount@5c5eefef]" name="resultsCount" class="Selenium.AutomationChallenge.ResultsCount"/>
      </group> <!-- userPrompt -->
      <group name="parameter">
        <method signature="ResultsCount.resultsCount(java.lang.String,java.lang.String,java.lang.String,java.lang.String,java.lang.String,java.lang.String,java.lang.String)[pri:0, instance:Selenium.AutomationChallenge.ResultsCount@5c5eefef]" name="resultsCount" class="Selenium.AutomationChallenge.ResultsCount"/>
      </group> <!-- parameter -->
    </groups>
    <test started-at="2021-06-21T11:39:20 EET" name="Default test" finished-at="2021-06-21T11:39:52 EET" duration-ms="31821">
      <class name="Selenium.AutomationChallenge.ResultsCount">
        <test-method is-config="true" signature="assignDataPath(java.lang.String)[pri:0, instance:Selenium.AutomationChallenge.ResultsCount@5c5eefef]" started-at="2021-06-21T11:39:20 EET" name="assignDataPath" finished-at="2021-06-21T11:39:20 EET" duration-ms="15" status="PASS">
          <params>
            <param index="0">
              <value>
                <![CDATA[.\\\\TestDataFiles\\\\testdata.xlsx]]>
              </value>
            </param>
          </params>
          <reporter-output>
          </reporter-output>
        </test-method> <!-- assignDataPath -->
        <test-method is-config="true" signature="openBrowserByUserInput()[pri:0, instance:Selenium.AutomationChallenge.ResultsCount@5c5eefef]" started-at="2021-06-21T11:39:20 EET" name="openBrowserByUserInput" finished-at="2021-06-21T11:39:29 EET" duration-ms="8308" status="PASS">
          <reporter-output>
          </reporter-output>
        </test-method> <!-- openBrowserByUserInput -->
        <test-method signature="resultsCount(java.lang.String,java.lang.String,java.lang.String,java.lang.String,java.lang.String,java.lang.String,java.lang.String)[pri:0, instance:Selenium.AutomationChallenge.ResultsCount@5c5eefef]" started-at="2021-06-21T11:39:30 EET" name="resultsCount" data-provider="test_Data" finished-at="2021-06-21T11:39:36 EET" duration-ms="6887" status="PASS">
          <params>
            <param index="0">
              <value>
                <![CDATA[https://www.google.com]]>
              </value>
            </param>
            <param index="1">
              <value>
                <![CDATA[Vodafone]]>
              </value>
            </param>
            <param index="2">
              <value>
                <![CDATA[q]]>
              </value>
            </param>
            <param index="3">
              <value>
                <![CDATA[[aria-label='Page 2']]]>
              </value>
            </param>
            <param index="4">
              <value>
                <![CDATA[[aria-label='Page 3']]]>
              </value>
            </param>
            <param index="5">
              <value>
                <![CDATA[window.scrollBy(0,1000)]]>
              </value>
            </param>
            <param index="6">
              <value>
                <![CDATA[//h3[@class='LC20lb DKV0Md']]]>
              </value>
            </param>
          </params>
          <reporter-output>
          </reporter-output>
        </test-method> <!-- resultsCount -->
        <test-method is-config="true" signature="TakeScreenshotOnFailure(org.testng.ITestResult)[pri:0, instance:Selenium.AutomationChallenge.ResultsCount@5c5eefef]" started-at="2021-06-21T11:39:36 EET" name="TakeScreenshotOnFailure" finished-at="2021-06-21T11:39:36 EET" duration-ms="3" status="PASS">
          <params>
            <param index="0">
              <value>
                <![CDATA[[TestResult name=resultsCount status=SUCCESS method=ResultsCount.resultsCount(java.lang.String,java.lang.String,java.lang.String,java.lang.String,java.lang.String,java.lang.String,java.lang.String)[pri:0, instance:Selenium.AutomationChallenge.ResultsCount@5c5eefef] output={null}]]]>
              </value>
            </param>
          </params>
          <reporter-output>
          </reporter-output>
        </test-method> <!-- TakeScreenshotOnFailure -->
        <test-method signature="resultsCount(java.lang.String,java.lang.String,java.lang.String,java.lang.String,java.lang.String,java.lang.String,java.lang.String)[pri:0, instance:Selenium.AutomationChallenge.ResultsCount@5c5eefef]" started-at="2021-06-21T11:39:36 EET" name="resultsCount" data-provider="test_Data" finished-at="2021-06-21T11:39:40 EET" duration-ms="3995" status="PASS">
          <params>
            <param index="0">
              <value>
                <![CDATA[https://www.google.com]]>
              </value>
            </param>
            <param index="1">
              <value>
                <![CDATA[Amazon]]>
              </value>
            </param>
            <param index="2">
              <value>
                <![CDATA[q]]>
              </value>
            </param>
            <param index="3">
              <value>
                <![CDATA[[aria-label='Page 2']]]>
              </value>
            </param>
            <param index="4">
              <value>
                <![CDATA[[aria-label='Page 3']]]>
              </value>
            </param>
            <param index="5">
              <value>
                <![CDATA[window.scrollBy(0,1000)]]>
              </value>
            </param>
            <param index="6">
              <value>
                <![CDATA[//h3[@class='LC20lb DKV0Md']]]>
              </value>
            </param>
          </params>
          <reporter-output>
          </reporter-output>
        </test-method> <!-- resultsCount -->
        <test-method is-config="true" signature="TakeScreenshotOnFailure(org.testng.ITestResult)[pri:0, instance:Selenium.AutomationChallenge.ResultsCount@5c5eefef]" started-at="2021-06-21T11:39:40 EET" name="TakeScreenshotOnFailure" finished-at="2021-06-21T11:39:40 EET" duration-ms="0" status="PASS">
          <params>
            <param index="0">
              <value>
                <![CDATA[[TestResult name=resultsCount status=SUCCESS method=ResultsCount.resultsCount(java.lang.String,java.lang.String,java.lang.String,java.lang.String,java.lang.String,java.lang.String,java.lang.String)[pri:0, instance:Selenium.AutomationChallenge.ResultsCount@5c5eefef] output={null}]]]>
              </value>
            </param>
          </params>
          <reporter-output>
          </reporter-output>
        </test-method> <!-- TakeScreenshotOnFailure -->
        <test-method signature="resultsCount(java.lang.String,java.lang.String,java.lang.String,java.lang.String,java.lang.String,java.lang.String,java.lang.String)[pri:0, instance:Selenium.AutomationChallenge.ResultsCount@5c5eefef]" started-at="2021-06-21T11:39:40 EET" name="resultsCount" data-provider="test_Data" finished-at="2021-06-21T11:39:45 EET" duration-ms="4160" status="PASS">
          <params>
            <param index="0">
              <value>
                <![CDATA[https://www.google.com]]>
              </value>
            </param>
            <param index="1">
              <value>
                <![CDATA[Souq]]>
              </value>
            </param>
            <param index="2">
              <value>
                <![CDATA[q]]>
              </value>
            </param>
            <param index="3">
              <value>
                <![CDATA[[aria-label='Page 2']]]>
              </value>
            </param>
            <param index="4">
              <value>
                <![CDATA[[aria-label='Page 3']]]>
              </value>
            </param>
            <param index="5">
              <value>
                <![CDATA[window.scrollBy(0,1000)]]>
              </value>
            </param>
            <param index="6">
              <value>
                <![CDATA[//h3[@class='LC20lb DKV0Md']]]>
              </value>
            </param>
          </params>
          <reporter-output>
          </reporter-output>
        </test-method> <!-- resultsCount -->
        <test-method signature="resultsCount(java.lang.String,java.lang.String,java.lang.String,java.lang.String,java.lang.String,java.lang.String,java.lang.String)[pri:0, instance:Selenium.AutomationChallenge.ResultsCount@5c5eefef]" started-at="2021-06-21T11:39:45 EET" name="resultsCount" data-provider="test_Data" finished-at="2021-06-21T11:39:48 EET" duration-ms="3657" status="FAIL">
          <params>
            <param index="0">
              <value>
                <![CDATA[https://www.google.com]]>
              </value>
            </param>
            <param index="1">
              <value>
                <![CDATA[Booking]]>
              </value>
            </param>
            <param index="2">
              <value>
                <![CDATA[q]]>
              </value>
            </param>
            <param index="3">
              <value>
                <![CDATA[[aria-label='Page 2']]]>
              </value>
            </param>
            <param index="4">
              <value>
                <![CDATA[[aria-label='Page 3']]]>
              </value>
            </param>
            <param index="5">
              <value>
                <![CDATA[window.scrollBy(0,1000)]]>
              </value>
            </param>
            <param index="6">
              <value>
                <![CDATA[//h3[@class='LC20lb DKV0Md']]]>
              </value>
            </param>
          </params>
          <exception class="java.lang.AssertionError">
            <message>
              <![CDATA[expected [10] but found [9]]]>
            </message>
            <full-stacktrace>
              <![CDATA[java.lang.AssertionError: expected [10] but found [9]
at org.testng.Assert.fail(Assert.java:99)
at org.testng.Assert.failNotEquals(Assert.java:1037)
at org.testng.Assert.assertEqualsImpl(Assert.java:140)
at org.testng.Assert.assertEquals(Assert.java:122)
at org.testng.Assert.assertEquals(Assert.java:907)
at org.testng.Assert.assertEquals(Assert.java:917)
at Selenium.AutomationChallenge.ResultsCount.resultsCount(ResultsCount.java:116)
at java.base/jdk.internal.reflect.NativeMethodAccessorImpl.invoke0(Native Method)
at java.base/jdk.internal.reflect.NativeMethodAccessorImpl.invoke(NativeMethodAccessorImpl.java:64)
at java.base/jdk.internal.reflect.DelegatingMethodAccessorImpl.invoke(DelegatingMethodAccessorImpl.java:43)
at java.base/java.lang.reflect.Method.invoke(Method.java:564)
at org.testng.internal.MethodInvocationHelper.invokeMethod(MethodInvocationHelper.java:133)
at org.testng.internal.TestInvoker.invokeMethod(TestInvoker.java:598)
at org.testng.internal.TestInvoker.invokeTestMethod(TestInvoker.java:173)
at org.testng.internal.MethodRunner.runInSequence(MethodRunner.java:46)
at org.testng.internal.TestInvoker$MethodInvocationAgent.invoke(TestInvoker.java:824)
at org.testng.internal.TestInvoker.invokeTestMethods(TestInvoker.java:146)
at org.testng.internal.TestMethodWorker.invokeTestMethods(TestMethodWorker.java:146)
at org.testng.internal.TestMethodWorker.run(TestMethodWorker.java:128)
at java.base/java.util.ArrayList.forEach(ArrayList.java:1511)
at org.testng.TestRunner.privateRun(TestRunner.java:794)
at org.testng.TestRunner.run(TestRunner.java:596)
at org.testng.SuiteRunner.runTest(SuiteRunner.java:377)
at org.testng.SuiteRunner.runSequentially(SuiteRunner.java:371)
at org.testng.SuiteRunner.privateRun(SuiteRunner.java:332)
at org.testng.SuiteRunner.run(SuiteRunner.java:276)
at org.testng.SuiteRunnerWorker.runSuite(SuiteRunnerWorker.java:53)
at org.testng.SuiteRunnerWorker.run(SuiteRunnerWorker.java:96)
at org.testng.TestNG.runSuitesSequentially(TestNG.java:1212)
at org.testng.TestNG.runSuitesLocally(TestNG.java:1134)
at org.testng.TestNG.runSuites(TestNG.java:1063)
at org.testng.TestNG.run(TestNG.java:1031)
at org.testng.remote.AbstractRemoteTestNG.run(AbstractRemoteTestNG.java:115)
at org.testng.remote.RemoteTestNG.initAndRun(RemoteTestNG.java:251)
at org.testng.remote.RemoteTestNG.main(RemoteTestNG.java:77)
]]>
            </full-stacktrace>
          </exception> <!-- java.lang.AssertionError -->
          <reporter-output>
          </reporter-output>
        </test-method> <!-- resultsCount -->
        <test-method is-config="true" signature="TakeScreenshotOnFailure(org.testng.ITestResult)[pri:0, instance:Selenium.AutomationChallenge.ResultsCount@5c5eefef]" started-at="2021-06-21T11:39:45 EET" name="TakeScreenshotOnFailure" finished-at="2021-06-21T11:39:45 EET" duration-ms="0" status="PASS">
          <params>
            <param index="0">
              <value>
                <![CDATA[[TestResult name=resultsCount status=SUCCESS method=ResultsCount.resultsCount(java.lang.String,java.lang.String,java.lang.String,java.lang.String,java.lang.String,java.lang.String,java.lang.String)[pri:0, instance:Selenium.AutomationChallenge.ResultsCount@5c5eefef] output={null}]]]>
              </value>
            </param>
          </params>
          <reporter-output>
          </reporter-output>
        </test-method> <!-- TakeScreenshotOnFailure -->
        <test-method is-config="true" signature="TakeScreenshotOnFailure(org.testng.ITestResult)[pri:0, instance:Selenium.AutomationChallenge.ResultsCount@5c5eefef]" started-at="2021-06-21T11:39:48 EET" name="TakeScreenshotOnFailure" finished-at="2021-06-21T11:39:49 EET" duration-ms="340" status="PASS">
          <params>
            <param index="0">
              <value>
                <![CDATA[[TestResult name=resultsCount status=FAILURE method=ResultsCount.resultsCount(java.lang.String,java.lang.String,java.lang.String,java.lang.String,java.lang.String,java.lang.String,java.lang.String)[pri:0, instance:Selenium.AutomationChallenge.ResultsCount@5c5eefef] output={null}]]]>
              </value>
            </param>
          </params>
          <reporter-output>
          </reporter-output>
        </test-method> <!-- TakeScreenshotOnFailure -->
        <test-method signature="resultsCount(java.lang.String,java.lang.String,java.lang.String,java.lang.String,java.lang.String,java.lang.String,java.lang.String)[pri:0, instance:Selenium.AutomationChallenge.ResultsCount@5c5eefef]" started-at="2021-06-21T11:39:49 EET" name="resultsCount" data-provider="test_Data" finished-at="2021-06-21T11:39:52 EET" duration-ms="3271" status="PASS">
          <params>
            <param index="0">
              <value>
                <![CDATA[https://www.google.com]]>
              </value>
            </param>
            <param index="1">
              <value>
                <![CDATA[TripAdvisor]]>
              </value>
            </param>
            <param index="2">
              <value>
                <![CDATA[q]]>
              </value>
            </param>
            <param index="3">
              <value>
                <![CDATA[[aria-label='Page 2']]]>
              </value>
            </param>
            <param index="4">
              <value>
                <![CDATA[[aria-label='Page 3']]]>
              </value>
            </param>
            <param index="5">
              <value>
                <![CDATA[window.scrollBy(0,1000)]]>
              </value>
            </param>
            <param index="6">
              <value>
                <![CDATA[//h3[@class='LC20lb DKV0Md']]]>
              </value>
            </param>
          </params>
          <reporter-output>
          </reporter-output>
        </test-method> <!-- resultsCount -->
        <test-method is-config="true" signature="TakeScreenshotOnFailure(org.testng.ITestResult)[pri:0, instance:Selenium.AutomationChallenge.ResultsCount@5c5eefef]" started-at="2021-06-21T11:39:52 EET" name="TakeScreenshotOnFailure" finished-at="2021-06-21T11:39:52 EET" duration-ms="0" status="PASS">
          <params>
            <param index="0">
              <value>
                <![CDATA[[TestResult name=resultsCount status=SUCCESS method=ResultsCount.resultsCount(java.lang.String,java.lang.String,java.lang.String,java.lang.String,java.lang.String,java.lang.String,java.lang.String)[pri:0, instance:Selenium.AutomationChallenge.ResultsCount@5c5eefef] output={null}]]]>
              </value>
            </param>
          </params>
          <reporter-output>
          </reporter-output>
        </test-method> <!-- TakeScreenshotOnFailure -->
        <test-method is-config="true" signature="closeBrowser()[pri:0, instance:Selenium.AutomationChallenge.ResultsCount@5c5eefef]" started-at="2021-06-21T11:39:52 EET" name="closeBrowser" finished-at="2021-06-21T11:39:52 EET" duration-ms="176" status="PASS">
          <reporter-output>
          </reporter-output>
        </test-method> <!-- closeBrowser -->
      </class> <!-- Selenium.AutomationChallenge.ResultsCount -->
    </test> <!-- Default test -->
  </suite> <!-- Suite -->
</testng-results>
